Determining if the pthread_create exist failed with the following output:
Change Dir: /home/sun/Cloud/opencv_samples/bin/CMakeFiles/CMakeTmp

Run Build Command:"/usr/bin/make" "cmTC_67920/fast"
/usr/bin/make -f CMakeFiles/cmTC_67920.dir/build.make CMakeFiles/cmTC_67920.dir/build
make[1]: Entering directory '/home/sun/Cloud/opencv_samples/bin/CMakeFiles/CMakeTmp'
Building C object CMakeFiles/cmTC_67920.dir/CheckSymbolExists.c.o
/usr/bin/cc    -fPIC    -o CMakeFiles/cmTC_67920.dir/CheckSymbolExists.c.o   -c /home/sun/Cloud/opencv_samples/bin/CMakeFiles/CMakeTmp/CheckSymbolExists.c
Linking C executable cmTC_67920
/usr/bin/cmake -E cmake_link_script CMakeFiles/cmTC_67920.dir/link.txt --verbose=1
/usr/bin/cc  -fPIC     CMakeFiles/cmTC_67920.dir/CheckSymbolExists.c.o  -o cmTC_67920 -rdynamic 
CMakeFiles/cmTC_67920.dir/CheckSymbolExists.c.o: In function `main':
CheckSymbolExists.c:(.text+0x1b): undefined reference to `pthread_create'
collect2: error: ld returned 1 exit status
CMakeFiles/cmTC_67920.dir/build.make:97: recipe for target 'cmTC_67920' failed
make[1]: *** [cmTC_67920] Error 1
make[1]: Leaving directory '/home/sun/Cloud/opencv_samples/bin/CMakeFiles/CMakeTmp'
Makefile:126: recipe for target 'cmTC_67920/fast' failed
make: *** [cmTC_67920/fast] Error 2

File /home/sun/Cloud/opencv_samples/bin/CMakeFiles/CMakeTmp/CheckSymbolExists.c:
/* */
#include <pthread.h>

int main(int argc, char** argv)
{
  (void)argv;
#ifndef pthread_create
  return ((int*)(&pthread_create))[argc];
#else
  (void)argc;
  return 0;
#endif
}

Determining if the function pthread_create exists in the pthreads failed with the following output:
Change Dir: /home/sun/Cloud/opencv_samples/bin/CMakeFiles/CMakeTmp

Run Build Command:"/usr/bin/make" "cmTC_e7966/fast"
/usr/bin/make -f CMakeFiles/cmTC_e7966.dir/build.make CMakeFiles/cmTC_e7966.dir/build
make[1]: Entering directory '/home/sun/Cloud/opencv_samples/bin/CMakeFiles/CMakeTmp'
Building C object CMakeFiles/cmTC_e7966.dir/CheckFunctionExists.c.o
/usr/bin/cc    -fPIC -DCHECK_FUNCTION_EXISTS=pthread_create   -o CMakeFiles/cmTC_e7966.dir/CheckFunctionExists.c.o   -c /usr/share/cmake-3.5/Modules/CheckFunctionExists.c
Linking C executable cmTC_e7966
/usr/bin/cmake -E cmake_link_script CMakeFiles/cmTC_e7966.dir/link.txt --verbose=1
/usr/bin/cc  -fPIC -DCHECK_FUNCTION_EXISTS=pthread_create    CMakeFiles/cmTC_e7966.dir/CheckFunctionExists.c.o  -o cmTC_e7966 -rdynamic -lpthreads 
/usr/bin/ld: cannot find -lpthreads
collect2: error: ld returned 1 exit status
CMakeFiles/cmTC_e7966.dir/build.make:97: recipe for target 'cmTC_e7966' failed
make[1]: *** [cmTC_e7966] Error 1
make[1]: Leaving directory '/home/sun/Cloud/opencv_samples/bin/CMakeFiles/CMakeTmp'
Makefile:126: recipe for target 'cmTC_e7966/fast' failed
make: *** [cmTC_e7966/fast] Error 2


